

Started GET "/" for 38.89.154.101 at 2023-10-30 03:40:23 +0000
  [1m[36mActiveRecord::SchemaMigration Load (0.2ms)[0m  [1mSELECT "schema_migrations".* FROM "schema_migrations"[0m
Processing by WelcomeController#index as HTML
Redirected to https://penguinprince-canarypalma-3000.codio.io/login
Filter chain halted as :require_login rendered or redirected
Completed 302 Found in 9ms (ActiveRecord: 0.0ms)


Started GET "/login" for 38.89.154.101 at 2023-10-30 03:40:23 +0000
Processing by SessionsController#new as HTML
  Rendered sessions/new.html.erb within layouts/application (1170.9ms)
  Rendered layouts/_flash.erb (0.5ms)
Completed 200 OK in 1542ms (Views: 1542.1ms | ActiveRecord: 0.0ms)


Started POST "/login" for 38.89.154.101 at 2023-10-30 03:40:27 +0000
Processing by SessionsController#create as HTML
  Parameters: {"utf8"=>"✓", "authenticity_token"=>"PewtklCISIiMYTpzTNC2oO8sSCg8spqDSDkIKmVJBrKF07QZR8lQG1XSJyatYCsP+kOoLEcVbHY6zrt3eESwEQ==", "session"=>{"uni"=>"", "password"=>"[FILTERED]"}, "commit"=>"Login"}
  [1m[35mUser Load (0.2ms)[0m  SELECT  "users".* FROM "users" WHERE "users"."uni" = ? LIMIT 1  [["uni", ""]]
  Rendered sessions/new.html.erb within layouts/application (2.7ms)
  Rendered layouts/_flash.erb (0.1ms)
Completed 200 OK in 53ms (Views: 35.8ms | ActiveRecord: 0.5ms)


Started GET "/signup" for 38.89.154.101 at 2023-10-30 03:40:31 +0000
Processing by RegistrationsController#new as HTML
  Rendered registrations/new.html.erb within layouts/application (3.5ms)
  Rendered layouts/_flash.erb (0.0ms)
Completed 200 OK in 60ms (Views: 60.0ms | ActiveRecord: 0.0ms)


Started GET "/login" for 38.89.154.101 at 2023-10-30 03:40:34 +0000
Processing by SessionsController#new as HTML
  Rendered sessions/new.html.erb within layouts/application (1.0ms)
  Rendered layouts/_flash.erb (0.0ms)
Completed 200 OK in 14ms (Views: 14.2ms | ActiveRecord: 0.0ms)


Started GET "/signup" for 38.89.154.101 at 2023-10-30 03:40:38 +0000
Processing by RegistrationsController#new as HTML
  Rendered registrations/new.html.erb within layouts/application (1.1ms)
  Rendered layouts/_flash.erb (0.0ms)
Completed 200 OK in 14ms (Views: 14.3ms | ActiveRecord: 0.0ms)


Started GET "/login" for 38.89.154.101 at 2023-10-30 03:40:39 +0000
Processing by SessionsController#new as HTML
  Rendered sessions/new.html.erb within layouts/application (1.0ms)
  Rendered layouts/_flash.erb (0.1ms)
Completed 200 OK in 44ms (Views: 43.7ms | ActiveRecord: 0.0ms)


Started POST "/login" for 38.89.154.101 at 2023-10-30 03:41:09 +0000
Processing by SessionsController#create as HTML
  Parameters: {"utf8"=>"✓", "authenticity_token"=>"Qk18+3qKRJiskXkIzIrOdN41FUZGt0qrBvXBYlus63D6cuVwbctcC3UiZF0tOlPby1r1Qj0QvF50AnI/RqFd0w==", "session"=>{"uni"=>"ab123", "password"=>"[FILTERED]"}, "commit"=>"Login"}
  [1m[36mUser Load (0.2ms)[0m  [1mSELECT  "users".* FROM "users" WHERE "users"."uni" = ? LIMIT 1[0m  [["uni", "ab123"]]
Redirected to https://penguinprince-canarypalma-3000.codio.io/welcome/index
Completed 302 Found in 415ms (ActiveRecord: 0.5ms)


Started GET "/welcome/index" for 38.89.154.101 at 2023-10-30 03:41:10 +0000
Processing by WelcomeController#index as HTML
  [1m[35mUser Load (0.2ms)[0m  SELECT  "users".* FROM "users" WHERE "users"."id" = ? LIMIT 1  [["id", 10]]
  Rendered welcome/index.html.erb within layouts/application (1.8ms)
  Rendered layouts/_flash.erb (0.1ms)
Completed 200 OK in 60ms (Views: 56.5ms | ActiveRecord: 0.2ms)


Started GET "/users/10" for 38.89.154.101 at 2023-10-30 03:41:43 +0000
Processing by UsersController#show as HTML
  Parameters: {"id"=>"10"}
  [1m[36mUser Load (0.1ms)[0m  [1mSELECT  "users".* FROM "users" WHERE "users"."id" = ? LIMIT 1[0m  [["id", 10]]
  [1m[35mUser Load (0.1ms)[0m  SELECT  "users".* FROM "users" WHERE "users"."id" = ? LIMIT 1  [["id", 10]]
  Rendered users/show.html.erb within layouts/application (0.5ms)
  Rendered layouts/_flash.erb (0.1ms)
Completed 200 OK in 31ms (Views: 27.5ms | ActiveRecord: 0.2ms)


Started DELETE "/logout" for 38.89.154.101 at 2023-10-30 03:41:47 +0000
Processing by SessionsController#destroy as HTML
  Parameters: {"authenticity_token"=>"XKV7WbISwLibaI7l6/WhV6CMx0CabZTzadXwvj/DWsXkmuLSpVPYK0Lbk7AKRTz4teMnROHKYgYbIkPjIs7sZg=="}
  [1m[36mUser Load (0.1ms)[0m  [1mSELECT  "users".* FROM "users" WHERE "users"."id" = ? LIMIT 1[0m  [["id", 10]]
Redirected to https://penguinprince-canarypalma-3000.codio.io/login
Completed 302 Found in 2ms (ActiveRecord: 0.1ms)


Started GET "/login" for 38.89.154.101 at 2023-10-30 03:41:48 +0000
Processing by SessionsController#new as HTML
  Rendered sessions/new.html.erb within layouts/application (1.5ms)
  Rendered layouts/_flash.erb (0.1ms)
Completed 200 OK in 21ms (Views: 20.8ms | ActiveRecord: 0.0ms)


Started GET "/users/10" for 38.89.154.101 at 2023-10-30 03:41:51 +0000
Processing by UsersController#show as HTML
  Parameters: {"id"=>"10"}
Redirected to https://penguinprince-canarypalma-3000.codio.io/login
Filter chain halted as :require_login rendered or redirected
Completed 302 Found in 1ms (ActiveRecord: 0.0ms)


Started GET "/login" for 38.89.154.101 at 2023-10-30 03:41:51 +0000
Processing by SessionsController#new as HTML
  Rendered sessions/new.html.erb within layouts/application (1.3ms)
  Rendered layouts/_flash.erb (0.1ms)
Completed 200 OK in 20ms (Views: 20.3ms | ActiveRecord: 0.0ms)


Started GET "/users/10" for 38.89.154.101 at 2023-10-30 03:41:57 +0000
Processing by UsersController#show as HTML
  Parameters: {"id"=>"10"}
Redirected to https://penguinprince-canarypalma-3000.codio.io/login
Filter chain halted as :require_login rendered or redirected
Completed 302 Found in 1ms (ActiveRecord: 0.0ms)


Started GET "/login" for 38.89.154.101 at 2023-10-30 03:41:58 +0000
Processing by SessionsController#new as HTML
  Rendered sessions/new.html.erb within layouts/application (1.2ms)
  Rendered layouts/_flash.erb (0.1ms)
Completed 200 OK in 17ms (Views: 16.8ms | ActiveRecord: 0.0ms)


Started POST "/login" for 38.89.154.101 at 2023-10-30 03:42:02 +0000
Processing by SessionsController#create as HTML
  Parameters: {"utf8"=>"✓", "authenticity_token"=>"3MxOnliJcumhzJOA4J1E8ns+P8ADvGWC1em2uTunZ3Zk89cVT8hqenh/jtUBLdldblHfxHgbk3enHgXkJqrR1Q==", "session"=>{"uni"=>"ab123", "password"=>"[FILTERED]"}, "commit"=>"Login"}
  [1m[35mUser Load (0.1ms)[0m  SELECT  "users".* FROM "users" WHERE "users"."uni" = ? LIMIT 1  [["uni", "ab123"]]
Redirected to https://penguinprince-canarypalma-3000.codio.io/welcome/index
Completed 302 Found in 297ms (ActiveRecord: 0.1ms)


Started GET "/welcome/index" for 38.89.154.101 at 2023-10-30 03:42:02 +0000
Processing by WelcomeController#index as HTML
  [1m[36mUser Load (0.2ms)[0m  [1mSELECT  "users".* FROM "users" WHERE "users"."id" = ? LIMIT 1[0m  [["id", 10]]
  Rendered welcome/index.html.erb within layouts/application (0.3ms)
  Rendered layouts/_flash.erb (0.1ms)
Completed 200 OK in 15ms (Views: 14.2ms | ActiveRecord: 0.2ms)
  [1m[36mActiveRecord::SchemaMigration Load (0.1ms)[0m  [1mSELECT "schema_migrations".* FROM "schema_migrations"[0m
Migrating to CreateRestaurants (20231028224512)
  [1m[35m (0.1ms)[0m  begin transaction
  [1m[36m (0.4ms)[0m  [1mCREATE TABLE "restaurants" ("id" INTEGER PRIMARY KEY AUTOINCREMENT NOT NULL, "custom_id" decimal, "name" varchar, "location" varchar, "rating" decimal(3,1), "ratingcount" decimal, "cuisine" varchar) [0m
  [1m[35mSQL (0.2ms)[0m  INSERT INTO "schema_migrations" ("version") VALUES (?)  [["version", "20231028224512"]]
  [1m[36m (65.5ms)[0m  [1mcommit transaction[0m
  [1m[35mActiveRecord::SchemaMigration Load (0.1ms)[0m  SELECT "schema_migrations".* FROM "schema_migrations"
  [1m[36m (0.1ms)[0m  [1m            SELECT sql
            FROM sqlite_master
            WHERE name='index_users_on_uni' AND type='index'
            UNION ALL
            SELECT sql
            FROM sqlite_temp_master
            WHERE name='index_users_on_uni' AND type='index'
[0m
  [1m[35m (0.1ms)[0m              SELECT sql
            FROM sqlite_master
            WHERE name='index_users_on_email' AND type='index'
            UNION ALL
            SELECT sql
            FROM sqlite_temp_master
            WHERE name='index_users_on_email' AND type='index'

  [1m[36mActiveRecord::SchemaMigration Load (0.1ms)[0m  [1mSELECT "schema_migrations".* FROM "schema_migrations"[0m
  [1m[35m (0.1ms)[0m  begin transaction
  [1m[36mUser Exists (0.1ms)[0m  [1mSELECT  1 AS one FROM "users" WHERE "users"."uni" = 'ab123' LIMIT 1[0m
  [1m[35m (0.1ms)[0m  rollback transaction
  [1m[36m (1477.8ms)[0m  [1mCREATE TABLE "restaurants" ("id" INTEGER PRIMARY KEY AUTOINCREMENT NOT NULL, "custom_id" decimal, "name" varchar, "location" varchar, "rating" decimal(3,1), "ratingcount" decimal, "cuisine" varchar) [0m
  [1m[35m (84.4ms)[0m  CREATE TABLE "users" ("id" INTEGER PRIMARY KEY AUTOINCREMENT NOT NULL, "name" varchar, "email" varchar NOT NULL, "encrypted_password" varchar, "verified_at" datetime, "created_at" datetime, "updated_at" datetime, "verification_code" varchar, "uni" varchar, "password_digest" varchar) 
  [1m[36m (0.1ms)[0m  [1mselect sqlite_version(*)[0m
  [1m[35m (81.4ms)[0m  CREATE UNIQUE INDEX "index_users_on_email" ON "users" ("email")
  [1m[36m (0.2ms)[0m  [1m            SELECT sql
            FROM sqlite_master
            WHERE name='index_users_on_email' AND type='index'
            UNION ALL
            SELECT sql
            FROM sqlite_temp_master
            WHERE name='index_users_on_email' AND type='index'
[0m
  [1m[35m (71.1ms)[0m  CREATE UNIQUE INDEX "index_users_on_uni" ON "users" ("uni")
  [1m[36m (73.9ms)[0m  [1mCREATE TABLE "schema_migrations" ("version" varchar NOT NULL) [0m
  [1m[35m (73.1ms)[0m  CREATE UNIQUE INDEX "unique_schema_migrations" ON "schema_migrations" ("version")
  [1m[36m (0.1ms)[0m  [1mSELECT version FROM "schema_migrations"[0m
  [1m[35m (85.3ms)[0m  INSERT INTO "schema_migrations" (version) VALUES ('20231029064529')
  [1m[36m (82.4ms)[0m  [1mINSERT INTO "schema_migrations" (version) VALUES ('20231029062415')[0m
  [1m[35m (71.5ms)[0m  INSERT INTO "schema_migrations" (version) VALUES ('20231029063408')
  [1m[36m (87.5ms)[0m  [1mINSERT INTO "schema_migrations" (version) VALUES ('20231029064041')[0m
  [1m[35m (74.6ms)[0m  INSERT INTO "schema_migrations" (version) VALUES ('20231029064140')
  [1m[36m (73.1ms)[0m  [1mINSERT INTO "schema_migrations" (version) VALUES ('20231028224512')[0m


Started GET "/" for 38.89.154.101 at 2023-10-30 19:56:55 +0000
  [1m[36mActiveRecord::SchemaMigration Load (0.1ms)[0m  [1mSELECT "schema_migrations".* FROM "schema_migrations"[0m
Processing by WelcomeController#index as HTML
  [1m[35mUser Load (0.2ms)[0m  SELECT  "users".* FROM "users" WHERE "users"."id" = ? LIMIT 1  [["id", 10]]
  Rendered welcome/index.html.erb within layouts/application (1.7ms)
  Rendered layouts/_flash.erb (0.5ms)
Completed 200 OK in 279ms (Views: 258.2ms | ActiveRecord: 0.5ms)


Started GET "/" for 38.89.154.101 at 2023-10-30 20:06:48 +0000
Processing by WelcomeController#index as HTML
  [1m[36mUser Load (0.2ms)[0m  [1mSELECT  "users".* FROM "users" WHERE "users"."id" = ? LIMIT 1[0m  [["id", 10]]
  Rendered welcome/index.html.erb within layouts/application (1.1ms)
  Rendered layouts/_flash.erb (0.1ms)
Completed 200 OK in 44ms (Views: 29.7ms | ActiveRecord: 0.9ms)


Started GET "/restaurants" for 38.89.154.101 at 2023-10-30 20:06:50 +0000

ActionController::RoutingError (uninitialized constant RestaurantsController):
  activesupport (4.2.10) lib/active_support/inflector/methods.rb:261:in `const_get'
  activesupport (4.2.10) lib/active_support/inflector/methods.rb:261:in `block in constantize'
  activesupport (4.2.10) lib/active_support/inflector/methods.rb:259:in `each'
  activesupport (4.2.10) lib/active_support/inflector/methods.rb:259:in `inject'
  activesupport (4.2.10) lib/active_support/inflector/methods.rb:259:in `constantize'
  actionpack (4.2.10) lib/action_dispatch/routing/route_set.rb:70:in `controller_reference'
  actionpack (4.2.10) lib/action_dispatch/routing/route_set.rb:60:in `controller'
  actionpack (4.2.10) lib/action_dispatch/routing/route_set.rb:39:in `serve'
  actionpack (4.2.10) lib/action_dispatch/journey/router.rb:43:in `block in serve'
  actionpack (4.2.10) lib/action_dispatch/journey/router.rb:30:in `each'
  actionpack (4.2.10) lib/action_dispatch/journey/router.rb:30:in `serve'
  actionpack (4.2.10) lib/action_dispatch/routing/route_set.rb:817:in `call'
  rack (1.6.10) lib/rack/etag.rb:24:in `call'
  rack (1.6.10) lib/rack/conditionalget.rb:25:in `call'
  rack (1.6.10) lib/rack/head.rb:13:in `call'
  actionpack (4.2.10) lib/action_dispatch/middleware/params_parser.rb:27:in `call'
  actionpack (4.2.10) lib/action_dispatch/middleware/flash.rb:260:in `call'
  rack (1.6.10) lib/rack/session/abstract/id.rb:225:in `context'
  rack (1.6.10) lib/rack/session/abstract/id.rb:220:in `call'
  actionpack (4.2.10) lib/action_dispatch/middleware/cookies.rb:560:in `call'
  activerecord (4.2.10) lib/active_record/query_cache.rb:36:in `call'
  activerecord (4.2.10) lib/active_record/connection_adapters/abstract/connection_pool.rb:653:in `call'
  activerecord (4.2.10) lib/active_record/migration.rb:377:in `call'
  actionpack (4.2.10) lib/action_dispatch/middleware/callbacks.rb:29:in `block in call'
  activesupport (4.2.10) lib/active_support/callbacks.rb:88:in `__run_callbacks__'
  activesupport (4.2.10) lib/active_support/callbacks.rb:778:in `_run_call_callbacks'
  activesupport (4.2.10) lib/active_support/callbacks.rb:81:in `run_callbacks'
  actionpack (4.2.10) lib/action_dispatch/middleware/callbacks.rb:27:in `call'
  actionpack (4.2.10) lib/action_dispatch/middleware/reloader.rb:73:in `call'
  actionpack (4.2.10) lib/action_dispatch/middleware/remote_ip.rb:78:in `call'
  actionpack (4.2.10) lib/action_dispatch/middleware/debug_exceptions.rb:17:in `call'
  actionpack (4.2.10) lib/action_dispatch/middleware/show_exceptions.rb:30:in `call'
  railties (4.2.10) lib/rails/rack/logger.rb:38:in `call_app'
  railties (4.2.10) lib/rails/rack/logger.rb:20:in `block in call'
  activesupport (4.2.10) lib/active_support/tagged_logging.rb:68:in `block in tagged'
  activesupport (4.2.10) lib/active_support/tagged_logging.rb:26:in `tagged'
  activesupport (4.2.10) lib/active_support/tagged_logging.rb:68:in `tagged'
  railties (4.2.10) lib/rails/rack/logger.rb:20:in `call'
  sprockets-rails (3.2.1) lib/sprockets/rails/quiet_assets.rb:13:in `call'
  actionpack (4.2.10) lib/action_dispatch/middleware/request_id.rb:21:in `call'
  rack (1.6.10) lib/rack/methodoverride.rb:22:in `call'
  rack (1.6.10) lib/rack/runtime.rb:18:in `call'
  activesupport (4.2.10) lib/active_support/cache/strategy/local_cache_middleware.rb:28:in `call'
  rack (1.6.10) lib/rack/lock.rb:17:in `call'
  actionpack (4.2.10) lib/action_dispatch/middleware/static.rb:120:in `call'
  rack (1.6.10) lib/rack/sendfile.rb:113:in `call'
  railties (4.2.10) lib/rails/engine.rb:518:in `call'
  railties (4.2.10) lib/rails/application.rb:165:in `call'
  rack (1.6.10) lib/rack/lock.rb:17:in `call'
  rack (1.6.10) lib/rack/content_length.rb:15:in `call'
  rack (1.6.10) lib/rack/handler/webrick.rb:88:in `service'
  /usr/lib/ruby/2.6.0/webrick/httpserver.rb:140:in `service'
  /usr/lib/ruby/2.6.0/webrick/httpserver.rb:96:in `run'
  /usr/lib/ruby/2.6.0/webrick/server.rb:307:in `block in start_thread'


  Rendered /var/lib/gems/2.6.0/gems/actionpack-4.2.10/lib/action_dispatch/middleware/templates/rescues/_trace.html.erb (2.4ms)
  Rendered /var/lib/gems/2.6.0/gems/actionpack-4.2.10/lib/action_dispatch/middleware/templates/routes/_route.html.erb (1.4ms)
  Rendered /var/lib/gems/2.6.0/gems/actionpack-4.2.10/lib/action_dispatch/middleware/templates/routes/_table.html.erb (33.2ms)
  Rendered /var/lib/gems/2.6.0/gems/actionpack-4.2.10/lib/action_dispatch/middleware/templates/rescues/_request_and_response.html.erb (1.9ms)
  Rendered /var/lib/gems/2.6.0/gems/actionpack-4.2.10/lib/action_dispatch/middleware/templates/rescues/routing_error.html.erb within rescues/layout (69.1ms)


Started GET "/restaurants" for 38.89.154.101 at 2023-10-30 20:12:51 +0000
Processing by RestaurantsController#index as HTML
  [1m[35mUser Load (0.1ms)[0m  SELECT  "users".* FROM "users" WHERE "users"."id" = ? LIMIT 1  [["id", 10]]
  [1m[36mRestaurant Load (2.9ms)[0m  [1mSELECT "restaurants".* FROM "restaurants"[0m
  Rendered restaurants/index.html.erb within layouts/application (5.3ms)
  Rendered layouts/_flash.erb (0.1ms)
Completed 200 OK in 33ms (Views: 18.4ms | ActiveRecord: 3.8ms)


Started GET "/restaurants/new" for 38.89.154.101 at 2023-10-30 20:12:53 +0000
Processing by RestaurantsController#new as HTML
  [1m[35mUser Load (0.1ms)[0m  SELECT  "users".* FROM "users" WHERE "users"."id" = ? LIMIT 1  [["id", 10]]
  Rendered restaurants/new.html.erb within layouts/application (4.3ms)
  Rendered layouts/_flash.erb (0.1ms)
Completed 200 OK in 19ms (Views: 17.4ms | ActiveRecord: 0.1ms)


Started GET "/restaurants" for 38.89.154.101 at 2023-10-30 20:12:55 +0000
Processing by RestaurantsController#index as HTML
  [1m[36mUser Load (0.1ms)[0m  [1mSELECT  "users".* FROM "users" WHERE "users"."id" = ? LIMIT 1[0m  [["id", 10]]
  [1m[35mRestaurant Load (0.1ms)[0m  SELECT "restaurants".* FROM "restaurants"
  Rendered restaurants/index.html.erb within layouts/application (1.3ms)
  Rendered layouts/_flash.erb (0.1ms)
Completed 200 OK in 18ms (Views: 16.1ms | ActiveRecord: 0.3ms)


Started GET "/restaurants" for 38.89.154.101 at 2023-10-30 20:19:05 +0000
  [1m[36mActiveRecord::SchemaMigration Load (0.3ms)[0m  [1mSELECT "schema_migrations".* FROM "schema_migrations"[0m
Processing by RestaurantsController#index as HTML
  [1m[35mUser Load (0.2ms)[0m  SELECT  "users".* FROM "users" WHERE "users"."id" = ? LIMIT 1  [["id", 10]]
  [1m[36mRestaurant Load (0.2ms)[0m  [1mSELECT "restaurants".* FROM "restaurants"[0m
  Rendered restaurants/index.html.erb within layouts/application (3.7ms)
  Rendered layouts/_flash.erb (0.5ms)
Completed 200 OK in 346ms (Views: 320.5ms | ActiveRecord: 0.8ms)


Started GET "/restaurants/new" for 38.89.154.101 at 2023-10-30 20:19:07 +0000
Processing by RestaurantsController#new as HTML
  [1m[35mUser Load (0.1ms)[0m  SELECT  "users".* FROM "users" WHERE "users"."id" = ? LIMIT 1  [["id", 10]]
  Rendered restaurants/new.html.erb within layouts/application (42.8ms)
  Rendered layouts/_flash.erb (0.1ms)
Completed 200 OK in 59ms (Views: 57.8ms | ActiveRecord: 0.1ms)


Started POST "/restaurants" for 38.89.154.101 at 2023-10-30 20:19:16 +0000
Processing by RestaurantsController#create as HTML
  Parameters: {"utf8"=>"✓", "authenticity_token"=>"oUxQ3IYhLDnqLSlY2/Vqb7pvZCKfg6AGWrxbtz+XTyUZc8lXkWA0qjOeNA06RffArwCEJuQkVvMoS+jqIpr5hg==", "restaurant"=>{"name"=>"wrwr", "rating"=>"5", "location"=>"123 st", "cuisine"=>"Hot Spicy"}, "commit"=>"Save Changes"}
  [1m[36mUser Load (0.1ms)[0m  [1mSELECT  "users".* FROM "users" WHERE "users"."id" = ? LIMIT 1[0m  [["id", 10]]
  [1m[35m (0.1ms)[0m  begin transaction
  [1m[36mSQL (0.7ms)[0m  [1mINSERT INTO "restaurants" ("name", "location", "rating", "cuisine") VALUES (?, ?, ?, ?)[0m  [["name", "wrwr"], ["location", "123 st"], ["rating", 5.0], ["cuisine", "Hot Spicy"]]
  [1m[35m (79.9ms)[0m  commit transaction
Redirected to https://penguinprince-canarypalma-3000.codio.io/restaurants
Completed 302 Found in 95ms (ActiveRecord: 81.0ms)


Started GET "/restaurants" for 38.89.154.101 at 2023-10-30 20:19:16 +0000
Processing by RestaurantsController#index as HTML
  [1m[36mUser Load (0.1ms)[0m  [1mSELECT  "users".* FROM "users" WHERE "users"."id" = ? LIMIT 1[0m  [["id", 10]]
  [1m[35mRestaurant Load (0.2ms)[0m  SELECT "restaurants".* FROM "restaurants"
  Rendered restaurants/index.html.erb within layouts/application (1.6ms)
  Rendered layouts/_flash.erb (0.1ms)
Completed 200 OK in 16ms (Views: 14.8ms | ActiveRecord: 0.3ms)


Started GET "/restaurants?utf8=%E2%9C%93&rating=&commit=Filter" for 38.89.154.101 at 2023-10-30 20:19:25 +0000
Processing by RestaurantsController#index as HTML
  Parameters: {"utf8"=>"✓", "rating"=>"", "commit"=>"Filter"}
  [1m[36mUser Load (0.1ms)[0m  [1mSELECT  "users".* FROM "users" WHERE "users"."id" = ? LIMIT 1[0m  [["id", 10]]
  [1m[35mRestaurant Load (0.1ms)[0m  SELECT "restaurants".* FROM "restaurants"
  Rendered restaurants/index.html.erb within layouts/application (1.1ms)
  Rendered layouts/_flash.erb (0.1ms)
Completed 200 OK in 14ms (Views: 12.9ms | ActiveRecord: 0.2ms)


Started GET "/restaurants?utf8=%E2%9C%93&rating=&cuisine%5BVege%5D=1&commit=Filter" for 38.89.154.101 at 2023-10-30 20:19:35 +0000
Processing by RestaurantsController#index as HTML
  Parameters: {"utf8"=>"✓", "rating"=>"", "cuisine"=>{"Vege"=>"1"}, "commit"=>"Filter"}
  [1m[36mUser Load (0.1ms)[0m  [1mSELECT  "users".* FROM "users" WHERE "users"."id" = ? LIMIT 1[0m  [["id", 10]]
  [1m[35mRestaurant Load (0.1ms)[0m  SELECT "restaurants".* FROM "restaurants" WHERE (rating >= 0 AND LOWER(cuisine) = 'vege')
  Rendered restaurants/index.html.erb within layouts/application (0.5ms)
  Rendered layouts/_flash.erb (0.1ms)
Completed 200 OK in 13ms (Views: 11.5ms | ActiveRecord: 0.2ms)


Started GET "/restaurants?utf8=%E2%9C%93&rating=&cuisine%5BVege%5D=1&commit=Filter" for 38.89.154.101 at 2023-10-30 20:19:38 +0000
Processing by RestaurantsController#index as HTML
  Parameters: {"utf8"=>"✓", "rating"=>"", "cuisine"=>{"Vege"=>"1"}, "commit"=>"Filter"}
  [1m[36mUser Load (0.1ms)[0m  [1mSELECT  "users".* FROM "users" WHERE "users"."id" = ? LIMIT 1[0m  [["id", 10]]
  [1m[35mRestaurant Load (0.1ms)[0m  SELECT "restaurants".* FROM "restaurants" WHERE (rating >= 0 AND LOWER(cuisine) = 'vege')
  Rendered restaurants/index.html.erb within layouts/application (0.5ms)
  Rendered layouts/_flash.erb (0.1ms)
Completed 200 OK in 14ms (Views: 12.1ms | ActiveRecord: 0.2ms)


Started GET "/restaurants?utf8=%E2%9C%93&rating=&commit=Filter" for 38.89.154.101 at 2023-10-30 20:19:39 +0000
Processing by RestaurantsController#index as HTML
  Parameters: {"utf8"=>"✓", "rating"=>"", "commit"=>"Filter"}
  [1m[36mUser Load (0.1ms)[0m  [1mSELECT  "users".* FROM "users" WHERE "users"."id" = ? LIMIT 1[0m  [["id", 10]]
  [1m[35mRestaurant Load (0.1ms)[0m  SELECT "restaurants".* FROM "restaurants"
  Rendered restaurants/index.html.erb within layouts/application (1.2ms)
  Rendered layouts/_flash.erb (0.1ms)
Completed 200 OK in 14ms (Views: 13.2ms | ActiveRecord: 0.2ms)


Started GET "/restaurants?utf8=%E2%9C%93&rating=&commit=Filter" for 38.89.154.101 at 2023-10-30 20:23:46 +0000
Processing by RestaurantsController#index as HTML
  Parameters: {"utf8"=>"✓", "rating"=>"", "commit"=>"Filter"}
  [1m[36mUser Load (0.1ms)[0m  [1mSELECT  "users".* FROM "users" WHERE "users"."id" = ? LIMIT 1[0m  [["id", 10]]
  [1m[35mRestaurant Load (0.2ms)[0m  SELECT "restaurants".* FROM "restaurants"
  Rendered restaurants/index.html.erb within layouts/application (3.3ms)
  Rendered layouts/_flash.erb (0.1ms)
Completed 200 OK in 23ms (Views: 21.0ms | ActiveRecord: 0.3ms)


Started GET "/welcome/index" for 38.89.154.101 at 2023-10-30 20:23:49 +0000
Processing by WelcomeController#index as HTML
  [1m[36mUser Load (0.1ms)[0m  [1mSELECT  "users".* FROM "users" WHERE "users"."id" = ? LIMIT 1[0m  [["id", 10]]
  Rendered welcome/index.html.erb within layouts/application (1.0ms)
  Rendered layouts/_flash.erb (0.1ms)
Completed 200 OK in 22ms (Views: 21.1ms | ActiveRecord: 0.1ms)


Started GET "/restaurants" for 38.89.154.101 at 2023-10-30 20:23:52 +0000
Processing by RestaurantsController#index as HTML
  [1m[35mUser Load (0.2ms)[0m  SELECT  "users".* FROM "users" WHERE "users"."id" = ? LIMIT 1  [["id", 10]]
  [1m[36mRestaurant Load (0.2ms)[0m  [1mSELECT "restaurants".* FROM "restaurants"[0m
  Rendered restaurants/index.html.erb within layouts/application (2.0ms)
  Rendered layouts/_flash.erb (0.1ms)
Completed 200 OK in 24ms (Views: 22.3ms | ActiveRecord: 0.4ms)


Started GET "/welcome/index" for 38.89.154.101 at 2023-10-30 20:23:53 +0000
Processing by WelcomeController#index as HTML
  [1m[35mUser Load (0.1ms)[0m  SELECT  "users".* FROM "users" WHERE "users"."id" = ? LIMIT 1  [["id", 10]]
  Rendered welcome/index.html.erb within layouts/application (0.3ms)
  Rendered layouts/_flash.erb (0.1ms)
Completed 200 OK in 14ms (Views: 12.7ms | ActiveRecord: 0.1ms)


Started GET "/restaurants" for 38.89.154.101 at 2023-10-30 20:24:00 +0000
Processing by RestaurantsController#index as HTML
  [1m[36mUser Load (0.1ms)[0m  [1mSELECT  "users".* FROM "users" WHERE "users"."id" = ? LIMIT 1[0m  [["id", 10]]
  [1m[35mRestaurant Load (0.2ms)[0m  SELECT "restaurants".* FROM "restaurants"
  Rendered restaurants/index.html.erb within layouts/application (1.9ms)
  Rendered layouts/_flash.erb (0.1ms)
Completed 200 OK in 18ms (Views: 16.7ms | ActiveRecord: 0.3ms)


Started GET "/restaurants/1" for 38.89.154.101 at 2023-10-30 20:24:13 +0000
Processing by RestaurantsController#show as HTML
  Parameters: {"id"=>"1"}
  [1m[36mUser Load (0.1ms)[0m  [1mSELECT  "users".* FROM "users" WHERE "users"."id" = ? LIMIT 1[0m  [["id", 10]]
  [1m[35mRestaurant Load (0.1ms)[0m  SELECT  "restaurants".* FROM "restaurants" WHERE "restaurants"."id" = ? LIMIT 1  [["id", 1]]
  Rendered restaurants/show.html.erb within layouts/application (0.9ms)
  Rendered layouts/_flash.erb (0.1ms)
Completed 200 OK in 16ms (Views: 13.9ms | ActiveRecord: 0.2ms)


Started GET "/restaurants" for 38.89.154.101 at 2023-10-30 20:24:15 +0000
Processing by RestaurantsController#index as HTML
  [1m[36mUser Load (0.1ms)[0m  [1mSELECT  "users".* FROM "users" WHERE "users"."id" = ? LIMIT 1[0m  [["id", 10]]
  [1m[35mRestaurant Load (0.1ms)[0m  SELECT "restaurants".* FROM "restaurants"
  Rendered restaurants/index.html.erb within layouts/application (1.3ms)
  Rendered layouts/_flash.erb (0.1ms)
Completed 200 OK in 15ms (Views: 13.4ms | ActiveRecord: 0.2ms)


Started GET "/restaurants/new" for 38.89.154.101 at 2023-10-30 20:24:25 +0000
Processing by RestaurantsController#new as HTML
  [1m[36mUser Load (0.1ms)[0m  [1mSELECT  "users".* FROM "users" WHERE "users"."id" = ? LIMIT 1[0m  [["id", 10]]
  Rendered restaurants/new.html.erb within layouts/application (1.0ms)
  Rendered layouts/_flash.erb (0.1ms)
Completed 200 OK in 16ms (Views: 13.7ms | ActiveRecord: 0.1ms)


Started GET "/restaurants" for 38.89.154.101 at 2023-10-30 20:24:26 +0000
Processing by RestaurantsController#index as HTML
  [1m[35mUser Load (0.1ms)[0m  SELECT  "users".* FROM "users" WHERE "users"."id" = ? LIMIT 1  [["id", 10]]
  [1m[36mRestaurant Load (0.2ms)[0m  [1mSELECT "restaurants".* FROM "restaurants"[0m
  Rendered restaurants/index.html.erb within layouts/application (1.3ms)
  Rendered layouts/_flash.erb (0.1ms)
Completed 200 OK in 37ms (Views: 35.5ms | ActiveRecord: 0.3ms)


Started GET "/restaurants/1" for 38.89.154.101 at 2023-10-30 20:24:28 +0000
Processing by RestaurantsController#show as HTML
  Parameters: {"id"=>"1"}
  [1m[35mUser Load (0.1ms)[0m  SELECT  "users".* FROM "users" WHERE "users"."id" = ? LIMIT 1  [["id", 10]]
  [1m[36mRestaurant Load (0.1ms)[0m  [1mSELECT  "restaurants".* FROM "restaurants" WHERE "restaurants"."id" = ? LIMIT 1[0m  [["id", 1]]
  Rendered restaurants/show.html.erb within layouts/application (0.5ms)
  Rendered layouts/_flash.erb (0.1ms)
Completed 200 OK in 20ms (Views: 18.0ms | ActiveRecord: 0.2ms)


Started GET "/restaurants" for 38.89.154.101 at 2023-10-30 20:24:30 +0000
Processing by RestaurantsController#index as HTML
  [1m[35mUser Load (0.2ms)[0m  SELECT  "users".* FROM "users" WHERE "users"."id" = ? LIMIT 1  [["id", 10]]
  [1m[36mRestaurant Load (0.3ms)[0m  [1mSELECT "restaurants".* FROM "restaurants"[0m
  Rendered restaurants/index.html.erb within layouts/application (5.1ms)
  Rendered layouts/_flash.erb (1.6ms)
Completed 200 OK in 31ms (Views: 28.1ms | ActiveRecord: 0.5ms)


Started GET "/restaurants/new" for 38.89.154.101 at 2023-10-30 20:24:31 +0000
Processing by RestaurantsController#new as HTML
  [1m[35mUser Load (0.1ms)[0m  SELECT  "users".* FROM "users" WHERE "users"."id" = ? LIMIT 1  [["id", 10]]
  Rendered restaurants/new.html.erb within layouts/application (1.1ms)
  Rendered layouts/_flash.erb (0.1ms)
Completed 200 OK in 28ms (Views: 26.5ms | ActiveRecord: 0.1ms)


Started GET "/restaurants" for 38.89.154.101 at 2023-10-30 20:24:33 +0000
Processing by RestaurantsController#index as HTML
  [1m[36mUser Load (0.1ms)[0m  [1mSELECT  "users".* FROM "users" WHERE "users"."id" = ? LIMIT 1[0m  [["id", 10]]
  [1m[35mRestaurant Load (0.2ms)[0m  SELECT "restaurants".* FROM "restaurants"
  Rendered restaurants/index.html.erb within layouts/application (2.1ms)
  Rendered layouts/_flash.erb (0.1ms)
Completed 200 OK in 20ms (Views: 18.0ms | ActiveRecord: 0.3ms)


Started GET "/restaurants/1" for 38.89.154.101 at 2023-10-30 20:24:34 +0000
Processing by RestaurantsController#show as HTML
  Parameters: {"id"=>"1"}
  [1m[36mUser Load (0.1ms)[0m  [1mSELECT  "users".* FROM "users" WHERE "users"."id" = ? LIMIT 1[0m  [["id", 10]]
  [1m[35mRestaurant Load (0.1ms)[0m  SELECT  "restaurants".* FROM "restaurants" WHERE "restaurants"."id" = ? LIMIT 1  [["id", 1]]
  Rendered restaurants/show.html.erb within layouts/application (0.4ms)
  Rendered layouts/_flash.erb (0.1ms)
Completed 200 OK in 21ms (Views: 19.5ms | ActiveRecord: 0.2ms)


Started GET "/restaurants/1/edit" for 38.89.154.101 at 2023-10-30 20:24:36 +0000
Processing by RestaurantsController#edit as HTML
  Parameters: {"id"=>"1"}
  [1m[36mUser Load (0.1ms)[0m  [1mSELECT  "users".* FROM "users" WHERE "users"."id" = ? LIMIT 1[0m  [["id", 10]]
  [1m[35mRestaurant Load (0.1ms)[0m  SELECT  "restaurants".* FROM "restaurants" WHERE "restaurants"."id" = ? LIMIT 1  [["id", 1]]
  Rendered restaurants/edit.html.erb within layouts/application (2.9ms)
  Rendered layouts/_flash.erb (0.1ms)
Completed 200 OK in 22ms (Views: 20.1ms | ActiveRecord: 0.2ms)


Started GET "/restaurants" for 38.89.154.101 at 2023-10-30 20:24:38 +0000
Processing by RestaurantsController#index as HTML
  [1m[36mUser Load (0.1ms)[0m  [1mSELECT  "users".* FROM "users" WHERE "users"."id" = ? LIMIT 1[0m  [["id", 10]]
  [1m[35mRestaurant Load (0.2ms)[0m  SELECT "restaurants".* FROM "restaurants"
  Rendered restaurants/index.html.erb within layouts/application (1.8ms)
  Rendered layouts/_flash.erb (0.2ms)
Completed 200 OK in 19ms (Views: 17.4ms | ActiveRecord: 0.3ms)


Started GET "/restaurants" for 38.89.154.101 at 2023-10-30 20:26:03 +0000
Processing by RestaurantsController#index as HTML
  [1m[36mUser Load (0.1ms)[0m  [1mSELECT  "users".* FROM "users" WHERE "users"."id" = ? LIMIT 1[0m  [["id", 10]]
  [1m[35mRestaurant Load (0.1ms)[0m  SELECT "restaurants".* FROM "restaurants"
  Rendered restaurants/index.html.erb within layouts/application (1.2ms)
  Rendered layouts/_flash.erb (0.1ms)
Completed 200 OK in 14ms (Views: 12.6ms | ActiveRecord: 0.2ms)


Started GET "/welcome/index" for 38.89.154.101 at 2023-10-30 20:26:04 +0000
Processing by WelcomeController#index as HTML
  [1m[36mUser Load (0.1ms)[0m  [1mSELECT  "users".* FROM "users" WHERE "users"."id" = ? LIMIT 1[0m  [["id", 10]]
  Rendered welcome/index.html.erb within layouts/application (0.3ms)
  Rendered layouts/_flash.erb (0.1ms)
Completed 200 OK in 12ms (Views: 11.4ms | ActiveRecord: 0.1ms)


Started GET "/restaurants" for 38.89.154.101 at 2023-10-30 20:26:05 +0000
Processing by RestaurantsController#index as HTML
  [1m[35mUser Load (0.1ms)[0m  SELECT  "users".* FROM "users" WHERE "users"."id" = ? LIMIT 1  [["id", 10]]
  [1m[36mRestaurant Load (0.2ms)[0m  [1mSELECT "restaurants".* FROM "restaurants"[0m
  Rendered restaurants/index.html.erb within layouts/application (1.8ms)
  Rendered layouts/_flash.erb (0.1ms)
Completed 200 OK in 18ms (Views: 16.1ms | ActiveRecord: 0.3ms)


Started GET "/welcome/index" for 38.89.154.101 at 2023-10-30 20:26:06 +0000
Processing by WelcomeController#index as HTML
  [1m[35mUser Load (0.1ms)[0m  SELECT  "users".* FROM "users" WHERE "users"."id" = ? LIMIT 1  [["id", 10]]
  Rendered welcome/index.html.erb within layouts/application (0.4ms)
  Rendered layouts/_flash.erb (0.1ms)
Completed 200 OK in 20ms (Views: 18.7ms | ActiveRecord: 0.1ms)
